<?xml version="1.0" encoding="UTF-8"?>
<testng-results skipped="0" failed="0" ignored="0" total="1" passed="1">
  <reporter-output>
  </reporter-output>
  <suite name="Suite" duration-ms="4271" started-at="2018-02-17T11:19:45Z" finished-at="2018-02-17T11:19:49Z">
    <groups>
    </groups>
    <test name="Test" duration-ms="4271" started-at="2018-02-17T11:19:45Z" finished-at="2018-02-17T11:19:49Z">
      <class name="Tests.TC1">
        <test-method status="PASS" signature="initDriver()[pri:0, instance:Tests.TC1@5b275dab]" name="initDriver" is-config="true" duration-ms="3295" started-at="2018-02-17T16:49:42Z" finished-at="2018-02-17T16:49:45Z">
          <reporter-output>
          </reporter-output>
        </test-method> <!-- initDriver -->
        <test-method status="PASS" signature="method1()[pri:0, instance:Tests.TC1@5b275dab]" name="method1" duration-ms="4216" started-at="2018-02-17T16:49:45Z" finished-at="2018-02-17T16:49:49Z">
          <reporter-output>
          </reporter-output>
        </test-method> <!-- method1 -->
      </class> <!-- Tests.TC1 -->
    </test> <!-- Test -->
  </suite> <!-- Suite -->
</testng-results>
